<?xml version="1.0" encoding="UTF-8"?>
<!-- Generated by org.testng.reporters.JUnitXMLReporter -->
<testsuite hostname="DESKTOP-FJB91G0" name="FirefoxTest" tests="5" failures="0" timestamp="5 Mar 2018 06:14:23 GMT" time="311.742" errors="0">
  <testcase name="@BeforeTest login" time="0.0" classname="com.Automation_CTRS.CTRS.RandomSelectfromDropdown">
    <failure type="org.openqa.selenium.TimeoutException" message="timeout
  (Session info: chrome=64.0.3282.186)
  (Driver info: chromedriver=2.35.528161 (5b82f2d2aae0ca24b877009200ced9065a772e73),platform=Windows NT 10.0.16299 x86_64) (WARNING: The server did not provide any stacktrace information)
Command duration or timeout: 300.05 seconds
Build info: version: &amp;apos;2.48.2&amp;apos;, revision: &amp;apos;41bccdd10cf2c0560f637404c2d96164b67d9d67&amp;apos;, time: &amp;apos;2015-10-09 13:08:06&amp;apos;
System info: host: &amp;apos;DESKTOP-FJB91G0&amp;apos;, ip: &amp;apos;192.168.0.65&amp;apos;, os.name: &amp;apos;Windows 10&amp;apos;, os.arch: &amp;apos;amd64&amp;apos;, os.version: &amp;apos;10.0&amp;apos;, java.version: &amp;apos;1.8.0_144&amp;apos;
Driver info: org.openqa.selenium.chrome.ChromeDriver
Capabilities [{applicationCacheEnabled=false, rotatable=false, mobileEmulationEnabled=false, networkConnectionEnabled=false, chrome={chromedriverVersion=2.35.528161 (5b82f2d2aae0ca24b877009200ced9065a772e73), userDataDir=C:\Users\Chandru\AppData\Local\Temp\scoped_dir1820_30272}, takesHeapSnapshot=true, pageLoadStrategy=normal, databaseEnabled=false, handlesAlerts=true, hasTouchScreen=false, version=64.0.3282.186, platform=XP, browserConnectionEnabled=false, nativeEvents=true, acceptSslCerts=false, acceptInsecureCerts=false, locationContextEnabled=true, webStorageEnabled=true, browserName=chrome, takesScreenshot=true, javascriptEnabled=true, cssSelectorsEnabled=true, setWindowRect=true, unexpectedAlertBehaviour=}]
Session ID: 61bcf6d5571ef3746749dad0cd8d0729">
      <![CDATA[org.openqa.selenium.TimeoutException: timeout
  (Session info: chrome=64.0.3282.186)
  (Driver info: chromedriver=2.35.528161 (5b82f2d2aae0ca24b877009200ced9065a772e73),platform=Windows NT 10.0.16299 x86_64) (WARNING: The server did not provide any stacktrace information)
Command duration or timeout: 300.05 seconds
Build info: version: '2.48.2', revision: '41bccdd10cf2c0560f637404c2d96164b67d9d67', time: '2015-10-09 13:08:06'
System info: host: 'DESKTOP-FJB91G0', ip: '192.168.0.65', os.name: 'Windows 10', os.arch: 'amd64', os.version: '10.0', java.version: '1.8.0_144'
Driver info: org.openqa.selenium.chrome.ChromeDriver
Capabilities [{applicationCacheEnabled=false, rotatable=false, mobileEmulationEnabled=false, networkConnectionEnabled=false, chrome={chromedriverVersion=2.35.528161 (5b82f2d2aae0ca24b877009200ced9065a772e73), userDataDir=C:\Users\Chandru\AppData\Local\Temp\scoped_dir1820_30272}, takesHeapSnapshot=true, pageLoadStrategy=normal, databaseEnabled=false, handlesAlerts=true, hasTouchScreen=false, version=64.0.3282.186, platform=XP, browserConnectionEnabled=false, nativeEvents=true, acceptSslCerts=false, acceptInsecureCerts=false, locationContextEnabled=true, webStorageEnabled=true, browserName=chrome, takesScreenshot=true, javascriptEnabled=true, cssSelectorsEnabled=true, setWindowRect=true, unexpectedAlertBehaviour=}]
Session ID: 61bcf6d5571ef3746749dad0cd8d0729
	at org.openqa.selenium.remote.ErrorHandler.createThrowable(ErrorHandler.java:206)
	at org.openqa.selenium.remote.ErrorHandler.throwIfResponseFailed(ErrorHandler.java:158)
	at org.openqa.selenium.remote.RemoteWebDriver.execute(RemoteWebDriver.java:647)
	at org.openqa.selenium.remote.RemoteWebDriver.get(RemoteWebDriver.java:311)
	at com.uitilityfiles.Browser.DriverStart(Browser.java:80)
	at com.uitilityfiles.Common_Ctrslogin.Ctrslogin(Common_Ctrslogin.java:21)
	at com.Automation_CTRS.CTRS.RandomSelectfromDropdown.login(RandomSelectfromDropdown.java:25)
... Removed 26 stack frames]]>
    </failure>
  </testcase> <!-- @BeforeTest login -->
  <testcase name="@BeforeClass setUp" time="0.0" classname="com.Automation_CTRS.CTRS.NewBooking">
    <skipped/>
  </testcase> <!-- @BeforeClass setUp -->
  <testcase name="new_tBooking" time="0.001" classname="com.Automation_CTRS.CTRS.NewBooking">
    <skipped/>
  </testcase> <!-- new_tBooking -->
  <testcase name="Booking_Payment_confirmed" time="0.002" classname="com.Automation_CTRS.CTRS.NewBooking">
    <skipped/>
  </testcase> <!-- Booking_Payment_confirmed -->
  <testcase name="print_Eticket" time="0.001" classname="com.Automation_CTRS.CTRS.NewBooking">
    <skipped/>
  </testcase> <!-- print_Eticket -->
  <testcase name="dropDonw_randomSelect" time="0.003" classname="com.Automation_CTRS.CTRS.RandomSelectfromDropdown">
    <skipped/>
  </testcase> <!-- dropDonw_randomSelect -->
  <testcase name="elasticsearch_dropDown_randomSelect" time="0.001" classname="com.Automation_CTRS.CTRS.RandomSelectfromDropdown">
    <skipped/>
  </testcase> <!-- elasticsearch_dropDown_randomSelect -->
</testsuite> <!-- FirefoxTest -->
