<?xml version="1.0" encoding="UTF-8"?>
<!-- Generated by org.testng.reporters.JUnitXMLReporter -->
<testsuite hostname="DESKTOP-FJB91G0" name="sprint1" tests="3" failures="0" timestamp="16 Feb 2018 10:20:23 GMT" time="1805.081" errors="0">
  <testcase name="@BeforeTest login" time="0.0" classname="com.Automation_CTRS.CTRS.randomSelectfromDropdown">
    <failure type="org.openqa.selenium.TimeoutException" message="Timed out waiting for page load.
Command duration or timeout: 1800.12 seconds
Build info: version: &amp;apos;2.48.2&amp;apos;, revision: &amp;apos;41bccdd10cf2c0560f637404c2d96164b67d9d67&amp;apos;, time: &amp;apos;2015-10-09 13:08:06&amp;apos;
System info: host: &amp;apos;DESKTOP-FJB91G0&amp;apos;, ip: &amp;apos;192.168.0.65&amp;apos;, os.name: &amp;apos;Windows 10&amp;apos;, os.arch: &amp;apos;amd64&amp;apos;, os.version: &amp;apos;10.0&amp;apos;, java.version: &amp;apos;1.8.0_144&amp;apos;
Driver info: org.openqa.selenium.firefox.FirefoxDriver
Capabilities [{applicationCacheEnabled=true, rotatable=false, handlesAlerts=true, databaseEnabled=true, version=32.0.2, platform=WINDOWS, nativeEvents=false, acceptSslCerts=true, webStorageEnabled=true, locationContextEnabled=true, browserName=firefox, takesScreenshot=true, javascriptEnabled=true, cssSelectorsEnabled=true}]
Session ID: b5a7c2d0-0457-4ea5-ab64-cf0e5521a754">
      <![CDATA[org.openqa.selenium.TimeoutException: Timed out waiting for page load.
Command duration or timeout: 1800.12 seconds
Build info: version: '2.48.2', revision: '41bccdd10cf2c0560f637404c2d96164b67d9d67', time: '2015-10-09 13:08:06'
System info: host: 'DESKTOP-FJB91G0', ip: '192.168.0.65', os.name: 'Windows 10', os.arch: 'amd64', os.version: '10.0', java.version: '1.8.0_144'
Driver info: org.openqa.selenium.firefox.FirefoxDriver
Capabilities [{applicationCacheEnabled=true, rotatable=false, handlesAlerts=true, databaseEnabled=true, version=32.0.2, platform=WINDOWS, nativeEvents=false, acceptSslCerts=true, webStorageEnabled=true, locationContextEnabled=true, browserName=firefox, takesScreenshot=true, javascriptEnabled=true, cssSelectorsEnabled=true}]
Session ID: b5a7c2d0-0457-4ea5-ab64-cf0e5521a754
	at org.openqa.selenium.remote.ErrorHandler.createThrowable(ErrorHandler.java:206)
	at org.openqa.selenium.remote.ErrorHandler.throwIfResponseFailed(ErrorHandler.java:158)
	at org.openqa.selenium.remote.RemoteWebDriver.execute(RemoteWebDriver.java:647)
	at org.openqa.selenium.remote.RemoteWebDriver.get(RemoteWebDriver.java:311)
	at com.uitilityfiles.Common_Ctrslogin.Ctrslogin(Common_Ctrslogin.java:21)
	at com.Automation_CTRS.CTRS.randomSelectfromDropdown.login(randomSelectfromDropdown.java:25)
Caused by: org.openqa.selenium.TimeoutException: Timed out waiting for page load.
Build info: version: '2.48.2', revision: '41bccdd10cf2c0560f637404c2d96164b67d9d67', time: '2015-10-09 13:08:06'
System info: host: 'DESKTOP-FJB91G0', ip: '192.168.0.65', os.name: 'Windows 10', os.arch: 'amd64', os.version: '10.0', java.version: '1.8.0_144'
Driver info: driver.version: unknown
	at <anonymous class>.Utils.initWebLoadingListener/<(file:///C:/Users/Chandru/AppData/Local/Temp/anonymous8033132456638037208webdriver-profile/extensions/fxdriver@googlecode.com/components/driver-component.js:9010)
	at <anonymous class>.WebLoadingListener/e(file:///C:/Users/Chandru/AppData/Local/Temp/anonymous8033132456638037208webdriver-profile/extensions/fxdriver@googlecode.com/components/driver-component.js:5114)
	at <anonymous class>.WebLoadingListener/<(file:///C:/Users/Chandru/AppData/Local/Temp/anonymous8033132456638037208webdriver-profile/extensions/fxdriver@googlecode.com/components/driver-component.js:5122)
	at <anonymous class>.fxdriver.Timer.prototype.setTimeout/<.notify(file:///C:/Users/Chandru/AppData/Local/Temp/anonymous8033132456638037208webdriver-profile/extensions/fxdriver@googlecode.com/components/driver-component.js:621)
... Removed 26 stack frames]]>
    </failure>
  </testcase> <!-- @BeforeTest login -->
  <testcase name="@BeforeClass setUp" time="0.0" classname="com.Automation_CTRS.CTRS.newBooking">
    <skipped/>
  </testcase> <!-- @BeforeClass setUp -->
  <testcase name="testBooking" time="0.002" classname="com.Automation_CTRS.CTRS.newBooking">
    <skipped/>
  </testcase> <!-- testBooking -->
  <testcase name="dropDonw_randomSelect" time="0.002" classname="com.Automation_CTRS.CTRS.randomSelectfromDropdown">
    <skipped/>
  </testcase> <!-- dropDonw_randomSelect -->
  <testcase name="elasticsearch_dropDown_randomSelect" time="0.001" classname="com.Automation_CTRS.CTRS.randomSelectfromDropdown">
    <skipped/>
  </testcase> <!-- elasticsearch_dropDown_randomSelect -->
</testsuite> <!-- sprint1 -->
